Arguments: 
  C:\Program Files\nodejs\node.exe C:\Users\Administrator\AppData\Roaming\npm\node_modules\yarn\bin\yarn.js add --dev @type/md5

PATH: 
  C:\Users\Administrator\bin;E:\workEdit\cmder\bin;E:\workEdit\cmder\vendor\bin;E:\workEdit\cmder\vendor\git-for-windows\bin;E:\workEdit\cmder\vendor\git-for-windows\mingw64\bin;E:\workEdit\cmder\vendor\git-for-windows\usr\local\bin;E:\workEdit\cmder\vendor\git-for-windows\usr\bin;E:\workEdit\cmder\vendor\git-for-windows\usr\bin;E:\workEdit\cmder\vendor\git-for-windows\mingw64\bin;E:\workEdit\cmder\vendor\git-for-windows\usr\bin;C:\Users\Administrator\bin;E:\workEdit\cmder\vendor\conemu-maximus5\ConEmu\Scripts;E:\workEdit\cmder\vendor\conemu-maximus5;E:\workEdit\cmder\vendor\conemu-maximus5\ConEmu;C:\Windows\system32;C:\Windows;C:\Windows\System32\Wbem;C:\Windows\System32\WindowsPowerShell\v1.0;C:\Windows\System32\OpenSSH;E:\software\Git\cmd;C:\Program Files\nodejs;C:\Program Files (x86)\NVIDIA Corporation\PhysX\Common;C:\Program Files\NVIDIA Corporation\NVIDIA NvDLISR;C:\Users\Administrator\AppData\Local\Microsoft\WindowsApps;E:\workEdit\Microsoft VS Code\bin;C:\Users\Administrator\AppData\Roaming\npm;E:\software\WebStorm 2020.1.3\bin;E:\flutter\flutter\bin;E:\workEdit\cmder;E:\workEdit\cmder\vendor\git-for-windows\usr\bin\vendor_perl;E:\workEdit\cmder\vendor\git-for-windows\usr\bin\core_perl

Yarn version: 
  1.22.4

Node version: 
  12.18.2

Platform: 
  win32 x64

Trace: 
  Error: https://registry.npm.taobao.org/@type%2fmd5: Not found
      at Request.params.callback [as _callback] (C:\Users\Administrator\AppData\Roaming\npm\node_modules\yarn\lib\cli.js:66987:18)
      at Request.self.callback (C:\Users\Administrator\AppData\Roaming\npm\node_modules\yarn\lib\cli.js:140748:22)
      at Request.emit (events.js:315:20)
      at Request.<anonymous> (C:\Users\Administrator\AppData\Roaming\npm\node_modules\yarn\lib\cli.js:141720:10)
      at Request.emit (events.js:315:20)
      at IncomingMessage.<anonymous> (C:\Users\Administrator\AppData\Roaming\npm\node_modules\yarn\lib\cli.js:141642:12)
      at Object.onceWrapper (events.js:421:28)
      at IncomingMessage.emit (events.js:327:22)
      at endReadableNT (_stream_readable.js:1221:12)
      at processTicksAndRejections (internal/process/task_queues.js:84:21)

npm manifest: 
  {
    "name": "fanyi",
    "version": "0.0.1",
    "main": "index.js",
    "scripts": {
      "start": "ts-node-dev src/main.ts"
    },
    "author": "李承斌 <15031617367@163.com>",
    "license": "MIT",
    "dependencies": {
      "@types/node": "^14.11.2",
      "commander": "^6.1.0",
      "md5": "^2.3.0"
    }
  }

yarn manifest: 
  No manifest

Lockfile: 
  # THIS IS AN AUTOGENERATED FILE. DO NOT EDIT THIS FILE DIRECTLY.
  # yarn lockfile v1
  
  
  "@types/node@^14.11.2":
    version "14.11.2"
    resolved "https://registry.npm.taobao.org/@types/node/download/@types/node-14.11.2.tgz#2de1ed6670439387da1c9f549a2ade2b0a799256"
    integrity sha1-LeHtZnBDk4faHJ9UmireKwp5klY=
  
  charenc@0.0.2:
    version "0.0.2"
    resolved "https://registry.npm.taobao.org/charenc/download/charenc-0.0.2.tgz#c0a1d2f3a7092e03774bfa83f14c0fc5790a8667"
    integrity sha1-wKHS86cJLgN3S/qD8UwPxXkKhmc=
  
  commander@^6.1.0:
    version "6.1.0"
    resolved "https://registry.npm.taobao.org/commander/download/commander-6.1.0.tgz?cache=0&sync_timestamp=1598576136669&other_urls=https%3A%2F%2Fregistry.npm.taobao.org%2Fcommander%2Fdownload%2Fcommander-6.1.0.tgz#f8d722b78103141006b66f4c7ba1e97315ba75bc"
    integrity sha1-+Ncit4EDFBAGtm9Me6HpcxW6dbw=
  
  crypt@0.0.2:
    version "0.0.2"
    resolved "https://registry.npm.taobao.org/crypt/download/crypt-0.0.2.tgz#88d7ff7ec0dfb86f713dc87bbb42d044d3e6c41b"
    integrity sha1-iNf/fsDfuG9xPch7u0LQRNPmxBs=
  
  is-buffer@~1.1.6:
    version "1.1.6"
    resolved "https://registry.npm.taobao.org/is-buffer/download/is-buffer-1.1.6.tgz#efaa2ea9daa0d7ab2ea13a97b2b8ad51fefbe8be"
    integrity sha1-76ouqdqg16suoTqXsritUf776L4=
  
  md5@^2.3.0:
    version "2.3.0"
    resolved "https://registry.npm.taobao.org/md5/download/md5-2.3.0.tgz#c3da9a6aae3a30b46b7b0c349b87b110dc3bda4f"
    integrity sha1-w9qaaq46MLRreww0m4exENw72k8=
    dependencies:
      charenc "0.0.2"
      crypt "0.0.2"
      is-buffer "~1.1.6"
